<?xml version="1.0" encoding="UTF-8"?>
<!-- Generated by org.testng.reporters.JUnitXMLReporter -->
<testsuite ignored="0" hostname="vinu-PC" failures="0" tests="5" name="Test" time="24.713" errors="0" timestamp="2022-05-13T16:38:00 IST">
  <testcase classname="tests.LoginTest" name="login" time="9.282"/>
  <testcase classname="tests.LoginTest" name="login" time="15.112"/>
  <testcase classname="tests.Secondtest" name="secondTest" time="0.002"/>
  <testcase classname="tests.Fourthtest" name="fourthTest" time="0.004"/>
  <testcase classname="tests.Thirdtest" name="thirdTest" time="0.003"/>
</testsuite> <!-- Test -->
