<?xml version="1.0" encoding="UTF-8"?>
<testng-results ignored="0" total="2" passed="2" failed="0" skipped="0">
  <reporter-output>
  </reporter-output>
  <suite started-at="2022-05-13T16:39:22 IST" name="Surefire suite" finished-at="2022-05-13T16:39:48 IST" duration-ms="25817">
    <groups>
    </groups>
    <test started-at="2022-05-13T16:39:22 IST" name="Surefire test" finished-at="2022-05-13T16:39:48 IST" duration-ms="25817">
      <class name="tests.LoginTest">
        <test-method signature="login(java.lang.String,java.lang.String,java.lang.String)[pri:0, instance:tests.LoginTest@8c3b9d]" started-at="2022-05-13T16:39:22 IST" name="login" data-provider="getlogindata" finished-at="2022-05-13T16:39:32 IST" duration-ms="9224" status="PASS">
          <params>
            <param index="0">
              <value>
                <![CDATA[vijithnaik5@gmail.com]]>
              </value>
            </param>
            <param index="1">
              <value>
                <![CDATA[password123]]>
              </value>
            </param>
            <param index="2">
              <value>
                <![CDATA[sucessfull]]>
              </value>
            </param>
          </params>
          <reporter-output>
          </reporter-output>
        </test-method> <!-- login -->
        <test-method is-config="true" signature="close()[pri:0, instance:tests.LoginTest@8c3b9d]" started-at="2022-05-13T16:39:32 IST" name="close" finished-at="2022-05-13T16:39:32 IST" duration-ms="153" status="PASS">
          <reporter-output>
          </reporter-output>
        </test-method> <!-- close -->
        <test-method signature="login(java.lang.String,java.lang.String,java.lang.String)[pri:0, instance:tests.LoginTest@8c3b9d]" started-at="2022-05-13T16:39:32 IST" name="login" data-provider="getlogindata" finished-at="2022-05-13T16:39:48 IST" duration-ms="16204" status="PASS">
          <params>
            <param index="0">
              <value>
                <![CDATA[dummy@gmail.com]]>
              </value>
            </param>
            <param index="1">
              <value>
                <![CDATA[dummy]]>
              </value>
            </param>
            <param index="2">
              <value>
                <![CDATA[failed]]>
              </value>
            </param>
          </params>
          <reporter-output>
          </reporter-output>
        </test-method> <!-- login -->
        <test-method is-config="true" signature="close()[pri:0, instance:tests.LoginTest@8c3b9d]" started-at="2022-05-13T16:39:48 IST" name="close" finished-at="2022-05-13T16:39:48 IST" duration-ms="157" status="PASS">
          <reporter-output>
          </reporter-output>
        </test-method> <!-- close -->
      </class> <!-- tests.LoginTest -->
    </test> <!-- Surefire test -->
  </suite> <!-- Surefire suite -->
</testng-results>
