<?xml version="1.0" encoding="UTF-8"?>
<testng-results ignored="0" total="5" passed="5" failed="0" skipped="0">
  <reporter-output>
  </reporter-output>
  <suite started-at="2022-05-13T16:37:35 IST" name="Suite" finished-at="2022-05-13T16:38:00 IST" duration-ms="24713">
    <groups>
    </groups>
    <test started-at="2022-05-13T16:37:35 IST" name="Test" finished-at="2022-05-13T16:38:00 IST" duration-ms="24713">
      <class name="tests.Secondtest">
        <test-method signature="secondTest()[pri:0, instance:tests.Secondtest@4a883b15]" started-at="2022-05-13T16:38:00 IST" name="secondTest" finished-at="2022-05-13T16:38:00 IST" duration-ms="2" status="PASS">
          <reporter-output>
          </reporter-output>
        </test-method> <!-- secondTest -->
      </class> <!-- tests.Secondtest -->
      <class name="tests.LoginTest">
        <test-method signature="login(java.lang.String,java.lang.String,java.lang.String)[pri:0, instance:tests.LoginTest@82de64a]" started-at="2022-05-13T16:37:36 IST" name="login" data-provider="getlogindata" finished-at="2022-05-13T16:37:45 IST" duration-ms="9282" status="PASS">
          <params>
            <param index="0">
              <value>
                <![CDATA[vijithnaik5@gmail.com]]>
              </value>
            </param>
            <param index="1">
              <value>
                <![CDATA[password123]]>
              </value>
            </param>
            <param index="2">
              <value>
                <![CDATA[sucessfull]]>
              </value>
            </param>
          </params>
          <reporter-output>
          </reporter-output>
        </test-method> <!-- login -->
        <test-method is-config="true" signature="close()[pri:0, instance:tests.LoginTest@82de64a]" started-at="2022-05-13T16:37:45 IST" name="close" finished-at="2022-05-13T16:37:45 IST" duration-ms="106" status="PASS">
          <reporter-output>
          </reporter-output>
        </test-method> <!-- close -->
        <test-method signature="login(java.lang.String,java.lang.String,java.lang.String)[pri:0, instance:tests.LoginTest@82de64a]" started-at="2022-05-13T16:37:45 IST" name="login" data-provider="getlogindata" finished-at="2022-05-13T16:38:00 IST" duration-ms="15112" status="PASS">
          <params>
            <param index="0">
              <value>
                <![CDATA[dummy@gmail.com]]>
              </value>
            </param>
            <param index="1">
              <value>
                <![CDATA[dummy]]>
              </value>
            </param>
            <param index="2">
              <value>
                <![CDATA[failed]]>
              </value>
            </param>
          </params>
          <reporter-output>
          </reporter-output>
        </test-method> <!-- login -->
        <test-method is-config="true" signature="close()[pri:0, instance:tests.LoginTest@82de64a]" started-at="2022-05-13T16:38:00 IST" name="close" finished-at="2022-05-13T16:38:00 IST" duration-ms="111" status="PASS">
          <reporter-output>
          </reporter-output>
        </test-method> <!-- close -->
      </class> <!-- tests.LoginTest -->
      <class name="tests.Fourthtest">
        <test-method signature="fourthTest()[pri:0, instance:tests.Fourthtest@25641d39]" started-at="2022-05-13T16:38:00 IST" name="fourthTest" finished-at="2022-05-13T16:38:00 IST" duration-ms="4" status="PASS">
          <reporter-output>
          </reporter-output>
        </test-method> <!-- fourthTest -->
      </class> <!-- tests.Fourthtest -->
      <class name="tests.Thirdtest">
        <test-method signature="thirdTest()[pri:0, instance:tests.Thirdtest@7b36aa0c]" started-at="2022-05-13T16:38:00 IST" name="thirdTest" finished-at="2022-05-13T16:38:00 IST" duration-ms="3" status="PASS">
          <reporter-output>
          </reporter-output>
        </test-method> <!-- thirdTest -->
      </class> <!-- tests.Thirdtest -->
    </test> <!-- Test -->
  </suite> <!-- Suite -->
</testng-results>
